<?xml version="1.0" encoding="UTF-8"?>
<!-- Generated by org.testng.reporters.JUnitXMLReporter -->
<testsuite hostname="Kiruthik" ignored="0" name="Test1" tests="2" failures="0" timestamp="09 Dec 2021 17:01:37 GMT" time="123.356" errors="0">
  <testcase name="createLead" time="32.527" classname="com.TestYantra.VTiger.Tl_01ClickLead">
    <skipped/>
  </testcase> <!-- createLead -->
  <testcase name="createLead" time="22.2" classname="com.TestYantra.VTiger.Tl_01ClickLead"/>
</testsuite> <!-- Test1 -->
