<?xml version="1.0" encoding="UTF-8"?>
<!-- Generated by org.testng.reporters.JUnitXMLReporter -->
<testsuite hostname="Kiruthik" ignored="0" name="Default test" tests="6" failures="0" timestamp="07 Jan 2022 07:39:09 GMT" time="0.91" errors="0">
  <testcase name="fetchingData" time="0.03" classname="automationFramework.ExcelDataProvide"/>
  <testcase name="fetchingData" time="0.007" classname="automationFramework.ExcelDataProvide"/>
  <testcase name="fetchingData" time="0.006" classname="automationFramework.ExcelDataProvide"/>
  <testcase name="fetchingData" time="0.004" classname="automationFramework.ExcelDataProvide"/>
  <testcase name="fetchingData" time="0.005" classname="automationFramework.ExcelDataProvide"/>
  <testcase name="fetchingData" time="0.005" classname="automationFramework.ExcelDataProvide"/>
</testsuite> <!-- Default test -->
