<?xml version="1.0" encoding="UTF-8"?>
<testng-results skipped="0" failed="0" ignored="0" total="1" passed="1">
  <reporter-output>
  </reporter-output>
  <suite name="automationFramework" duration-ms="100762" started-at="2021-12-20T17:06:43Z" finished-at="2021-12-20T17:08:24Z">
    <groups>
    </groups>
    <test name="Test" duration-ms="100762" started-at="2021-12-20T17:06:43Z" finished-at="2021-12-20T17:08:24Z">
      <class name="automationFramework.Tl_01ClickLeadTest">
        <test-method status="PASS" signature="openBrowser()[pri:0, instance:automationFramework.Tl_01ClickLeadTest@18067a5]" name="openBrowser" is-config="true" duration-ms="6640" started-at="2021-12-20T17:06:44Z" finished-at="2021-12-20T17:06:50Z">
          <reporter-output>
          </reporter-output>
        </test-method> <!-- openBrowser -->
        <test-method status="PASS" signature="logIn()[pri:0, instance:automationFramework.Tl_01ClickLeadTest@18067a5]" name="logIn" is-config="true" duration-ms="38934" started-at="2021-12-20T17:06:50Z" finished-at="2021-12-20T17:07:29Z">
          <reporter-output>
          </reporter-output>
        </test-method> <!-- logIn -->
        <test-method status="PASS" signature="createLead()[pri:0, instance:automationFramework.Tl_01ClickLeadTest@18067a5]" name="createLead" duration-ms="46976" started-at="2021-12-20T17:07:29Z" finished-at="2021-12-20T17:08:16Z">
          <reporter-output>
          </reporter-output>
        </test-method> <!-- createLead -->
        <test-method status="PASS" signature="logOut()[pri:0, instance:automationFramework.Tl_01ClickLeadTest@18067a5]" name="logOut" is-config="true" duration-ms="6748" started-at="2021-12-20T17:08:16Z" finished-at="2021-12-20T17:08:23Z">
          <reporter-output>
          </reporter-output>
        </test-method> <!-- logOut -->
        <test-method status="PASS" signature="closeBrowser()[pri:0, instance:automationFramework.Tl_01ClickLeadTest@18067a5]" name="closeBrowser" is-config="true" duration-ms="1344" started-at="2021-12-20T17:08:23Z" finished-at="2021-12-20T17:08:24Z">
          <reporter-output>
          </reporter-output>
        </test-method> <!-- closeBrowser -->
      </class> <!-- automationFramework.Tl_01ClickLeadTest -->
    </test> <!-- Test -->
  </suite> <!-- automationFramework -->
</testng-results>
