<?xml version="1.0" encoding="UTF-8"?>
<testng-results skipped="0" failed="0" ignored="0" total="6" passed="6">
  <reporter-output>
  </reporter-output>
  <suite name="Default suite" duration-ms="910" started-at="2022-01-07T07:39:08Z" finished-at="2022-01-07T07:39:09Z">
    <groups>
    </groups>
    <test name="Default test" duration-ms="910" started-at="2022-01-07T07:39:08Z" finished-at="2022-01-07T07:39:09Z">
      <class name="automationFramework.ExcelDataProvide">
        <test-method status="PASS" signature="fetchingData(double, double, java.lang.String)[pri:0, instance:automationFramework.ExcelDataProvide@16c48ac]" name="fetchingData" duration-ms="30" started-at="2022-01-07T07:39:09Z" data-provider="ExcelData" finished-at="2022-01-07T07:39:09Z">
          <params>
            <param index="0">
              <value>
                <![CDATA[1.0]]>
              </value>
            </param>
            <param index="1">
              <value>
                <![CDATA[100.0]]>
              </value>
            </param>
            <param index="2">
              <value>
                <![CDATA[Kiruthik]]>
              </value>
            </param>
          </params>
          <reporter-output>
          </reporter-output>
        </test-method> <!-- fetchingData -->
        <test-method status="PASS" signature="fetchingData(double, double, java.lang.String)[pri:0, instance:automationFramework.ExcelDataProvide@16c48ac]" name="fetchingData" duration-ms="7" started-at="2022-01-07T07:39:09Z" data-provider="ExcelData" finished-at="2022-01-07T07:39:09Z">
          <params>
            <param index="0">
              <value>
                <![CDATA[2.0]]>
              </value>
            </param>
            <param index="1">
              <value>
                <![CDATA[200.0]]>
              </value>
            </param>
            <param index="2">
              <value>
                <![CDATA[Pranav]]>
              </value>
            </param>
          </params>
          <reporter-output>
          </reporter-output>
        </test-method> <!-- fetchingData -->
        <test-method status="PASS" signature="fetchingData(double, double, java.lang.String)[pri:0, instance:automationFramework.ExcelDataProvide@16c48ac]" name="fetchingData" duration-ms="6" started-at="2022-01-07T07:39:09Z" data-provider="ExcelData" finished-at="2022-01-07T07:39:09Z">
          <params>
            <param index="0">
              <value>
                <![CDATA[3.0]]>
              </value>
            </param>
            <param index="1">
              <value>
                <![CDATA[300.0]]>
              </value>
            </param>
            <param index="2">
              <value>
                <![CDATA[Valid]]>
              </value>
            </param>
          </params>
          <reporter-output>
          </reporter-output>
        </test-method> <!-- fetchingData -->
        <test-method status="PASS" signature="fetchingData(double, double, java.lang.String)[pri:0, instance:automationFramework.ExcelDataProvide@16c48ac]" name="fetchingData" duration-ms="4" started-at="2022-01-07T07:39:09Z" data-provider="ExcelData" finished-at="2022-01-07T07:39:09Z">
          <params>
            <param index="0">
              <value>
                <![CDATA[4.0]]>
              </value>
            </param>
            <param index="1">
              <value>
                <![CDATA[400.0]]>
              </value>
            </param>
            <param index="2">
              <value>
                <![CDATA[Invalid ]]>
              </value>
            </param>
          </params>
          <reporter-output>
          </reporter-output>
        </test-method> <!-- fetchingData -->
        <test-method status="PASS" signature="fetchingData(double, double, java.lang.String)[pri:0, instance:automationFramework.ExcelDataProvide@16c48ac]" name="fetchingData" duration-ms="5" started-at="2022-01-07T07:39:09Z" data-provider="ExcelData" finished-at="2022-01-07T07:39:09Z">
          <params>
            <param index="0">
              <value>
                <![CDATA[5.0]]>
              </value>
            </param>
            <param index="1">
              <value>
                <![CDATA[500.0]]>
              </value>
            </param>
            <param index="2">
              <value>
                <![CDATA[Kiruthik]]>
              </value>
            </param>
          </params>
          <reporter-output>
          </reporter-output>
        </test-method> <!-- fetchingData -->
        <test-method status="PASS" signature="fetchingData(double, double, java.lang.String)[pri:0, instance:automationFramework.ExcelDataProvide@16c48ac]" name="fetchingData" duration-ms="5" started-at="2022-01-07T07:39:09Z" data-provider="ExcelData" finished-at="2022-01-07T07:39:09Z">
          <params>
            <param index="0">
              <value>
                <![CDATA[6.0]]>
              </value>
            </param>
            <param index="1">
              <value>
                <![CDATA[600.0]]>
              </value>
            </param>
            <param index="2">
              <value>
                <![CDATA[Pranav]]>
              </value>
            </param>
          </params>
          <reporter-output>
          </reporter-output>
        </test-method> <!-- fetchingData -->
      </class> <!-- automationFramework.ExcelDataProvide -->
    </test> <!-- Default test -->
  </suite> <!-- Default suite -->
</testng-results>
